{"message":"failed to resolve: use of undeclared type `Async`","code":{"code":"E0433","explanation":"An undeclared crate, module, or type was used.\n\nErroneous code example:\n\n```compile_fail,E0433\nlet map = HashMap::new();\n// error: failed to resolve: use of undeclared type `HashMap`\n```\n\nPlease verify you didn't misspell the type/module's name or that you didn't\nforget to import it:\n\n```\nuse std::collections::HashMap; // HashMap has been imported.\nlet map: HashMap<u32, u32> = HashMap::new(); // So it can be used!\n```\n\nIf you've expected to use a crate name:\n\n```compile_fail\nuse ferris_wheel::BigO;\n// error: failed to resolve: use of undeclared crate or module `ferris_wheel`\n```\n\nMake sure the crate has been added as a dependency in `Cargo.toml`.\n\nTo use a module from your current crate, add the `crate::` prefix to the path.\n"},"level":"error","spans":[{"file_name":"rust_async/examples/future_generator.rs","byte_start":638,"byte_end":643,"line_start":28,"line_end":28,"column_start":20,"column_end":25,"is_primary":true,"text":[{"text":"                Ok(Async::Ready(e)) => break Ok(e),","highlight_start":20,"highlight_end":25}],"label":"use of undeclared type `Async`","suggested_replacement":null,"suggestion_applicability":null,"expansion":null}],"children":[],"rendered":"\u001b[0m\u001b[1m\u001b[38;5;9merror[E0433]\u001b[0m\u001b[0m\u001b[1m: failed to resolve: use of undeclared type `Async`\u001b[0m\n\u001b[0m  \u001b[0m\u001b[0m\u001b[1m\u001b[38;5;12m--> \u001b[0m\u001b[0mrust_async/examples/future_generator.rs:28:20\u001b[0m\n\u001b[0m   \u001b[0m\u001b[0m\u001b[1m\u001b[38;5;12m|\u001b[0m\n\u001b[0m\u001b[1m\u001b[38;5;12m28\u001b[0m\u001b[0m \u001b[0m\u001b[0m\u001b[1m\u001b[38;5;12m| \u001b[0m\u001b[0m                Ok(Async::Ready(e)) => break Ok(e),\u001b[0m\n\u001b[0m   \u001b[0m\u001b[0m\u001b[1m\u001b[38;5;12m| \u001b[0m\u001b[0m                   \u001b[0m\u001b[0m\u001b[1m\u001b[38;5;9m^^^^^\u001b[0m\u001b[0m \u001b[0m\u001b[0m\u001b[1m\u001b[38;5;9muse of undeclared type `Async`\u001b[0m\n\n"}
{"message":"failed to resolve: use of undeclared type `Async`","code":{"code":"E0433","explanation":"An undeclared crate, module, or type was used.\n\nErroneous code example:\n\n```compile_fail,E0433\nlet map = HashMap::new();\n// error: failed to resolve: use of undeclared type `HashMap`\n```\n\nPlease verify you didn't misspell the type/module's name or that you didn't\nforget to import it:\n\n```\nuse std::collections::HashMap; // HashMap has been imported.\nlet map: HashMap<u32, u32> = HashMap::new(); // So it can be used!\n```\n\nIf you've expected to use a crate name:\n\n```compile_fail\nuse ferris_wheel::BigO;\n// error: failed to resolve: use of undeclared crate or module `ferris_wheel`\n```\n\nMake sure the crate has been added as a dependency in `Cargo.toml`.\n\nTo use a module from your current crate, add the `crate::` prefix to the path.\n"},"level":"error","spans":[{"file_name":"rust_async/examples/future_generator.rs","byte_start":690,"byte_end":695,"line_start":29,"line_end":29,"column_start":20,"column_end":25,"is_primary":true,"text":[{"text":"                Ok(Async::NotReady) => yield,","highlight_start":20,"highlight_end":25}],"label":"use of undeclared type `Async`","suggested_replacement":null,"suggestion_applicability":null,"expansion":null}],"children":[],"rendered":"\u001b[0m\u001b[1m\u001b[38;5;9merror[E0433]\u001b[0m\u001b[0m\u001b[1m: failed to resolve: use of undeclared type `Async`\u001b[0m\n\u001b[0m  \u001b[0m\u001b[0m\u001b[1m\u001b[38;5;12m--> \u001b[0m\u001b[0mrust_async/examples/future_generator.rs:29:20\u001b[0m\n\u001b[0m   \u001b[0m\u001b[0m\u001b[1m\u001b[38;5;12m|\u001b[0m\n\u001b[0m\u001b[1m\u001b[38;5;12m29\u001b[0m\u001b[0m \u001b[0m\u001b[0m\u001b[1m\u001b[38;5;12m| \u001b[0m\u001b[0m                Ok(Async::NotReady) => yield,\u001b[0m\n\u001b[0m   \u001b[0m\u001b[0m\u001b[1m\u001b[38;5;12m| \u001b[0m\u001b[0m                   \u001b[0m\u001b[0m\u001b[1m\u001b[38;5;9m^^^^^\u001b[0m\u001b[0m \u001b[0m\u001b[0m\u001b[1m\u001b[38;5;9muse of undeclared type `Async`\u001b[0m\n\n"}
{"message":"cannot find function, tuple struct or tuple variant `GeneratorToFuture` in this scope","code":{"code":"E0425","explanation":"An unresolved name was used.\n\nErroneous code examples:\n\n```compile_fail,E0425\nsomething_that_doesnt_exist::foo;\n// error: unresolved name `something_that_doesnt_exist::foo`\n\n// or:\n\ntrait Foo {\n    fn bar() {\n        Self; // error: unresolved name `Self`\n    }\n}\n\n// or:\n\nlet x = unknown_variable;  // error: unresolved name `unknown_variable`\n```\n\nPlease verify that the name wasn't misspelled and ensure that the\nidentifier being referred to is valid for the given situation. Example:\n\n```\nenum something_that_does_exist {\n    Foo,\n}\n```\n\nOr:\n\n```\nmod something_that_does_exist {\n    pub static foo : i32 = 0i32;\n}\n\nsomething_that_does_exist::foo; // ok!\n```\n\nOr:\n\n```\nlet unknown_variable = 12u32;\nlet x = unknown_variable; // ok!\n```\n\nIf the item is not defined in the current module, it must be imported using a\n`use` statement, like so:\n\n```\n# mod foo { pub fn bar() {} }\n# fn main() {\nuse foo::bar;\nbar();\n# }\n```\n\nIf the item you are importing is not defined in some super-module of the\ncurrent module, then it must also be declared as public (e.g., `pub fn`).\n"},"level":"error","spans":[{"file_name":"rust_async/examples/future_generator.rs","byte_start":427,"byte_end":444,"line_start":21,"line_end":21,"column_start":5,"column_end":22,"is_primary":true,"text":[{"text":"    GeneratorToFuture (|| {","highlight_start":5,"highlight_end":22}],"label":"not found in this scope","suggested_replacement":null,"suggestion_applicability":null,"expansion":null}],"children":[],"rendered":"\u001b[0m\u001b[1m\u001b[38;5;9merror[E0425]\u001b[0m\u001b[0m\u001b[1m: cannot find function, tuple struct or tuple variant `GeneratorToFuture` in this scope\u001b[0m\n\u001b[0m  \u001b[0m\u001b[0m\u001b[1m\u001b[38;5;12m--> \u001b[0m\u001b[0mrust_async/examples/future_generator.rs:21:5\u001b[0m\n\u001b[0m   \u001b[0m\u001b[0m\u001b[1m\u001b[38;5;12m|\u001b[0m\n\u001b[0m\u001b[1m\u001b[38;5;12m21\u001b[0m\u001b[0m \u001b[0m\u001b[0m\u001b[1m\u001b[38;5;12m| \u001b[0m\u001b[0m    GeneratorToFuture (|| {\u001b[0m\n\u001b[0m   \u001b[0m\u001b[0m\u001b[1m\u001b[38;5;12m| \u001b[0m\u001b[0m    \u001b[0m\u001b[0m\u001b[1m\u001b[38;5;9m^^^^^^^^^^^^^^^^^\u001b[0m\u001b[0m \u001b[0m\u001b[0m\u001b[1m\u001b[38;5;9mnot found in this scope\u001b[0m\n\n"}
{"message":"yield syntax is experimental","code":{"code":"E0658","explanation":"An unstable feature was used.\n\nErroneous code example:\n\n```compile_fail,E0658\n#[repr(u128)] // error: use of unstable library feature 'repr128'\nenum Foo {\n    Bar(u64),\n}\n```\n\nIf you're using a stable or a beta version of rustc, you won't be able to use\nany unstable features. In order to do so, please switch to a nightly version of\nrustc (by using [rustup]).\n\nIf you're using a nightly version of rustc, just add the corresponding feature\nto be able to use it:\n\n```\n#![feature(repr128)]\n\n#[repr(u128)] // ok!\nenum Foo {\n    Bar(u64),\n}\n```\n\n[rustup]: https://rust-lang.github.io/rustup/concepts/channels.html\n"},"level":"error","spans":[{"file_name":"rust_async/examples/future_generator.rs","byte_start":710,"byte_end":715,"line_start":29,"line_end":29,"column_start":40,"column_end":45,"is_primary":true,"text":[{"text":"                Ok(Async::NotReady) => yield,","highlight_start":40,"highlight_end":45}],"label":null,"suggested_replacement":null,"suggestion_applicability":null,"expansion":null}],"children":[{"message":"see issue #43122 <https://github.com/rust-lang/rust/issues/43122> for more information","code":null,"level":"note","spans":[],"children":[],"rendered":null},{"message":"add `#![feature(generators)]` to the crate attributes to enable","code":null,"level":"help","spans":[],"children":[],"rendered":null}],"rendered":"\u001b[0m\u001b[1m\u001b[38;5;9merror[E0658]\u001b[0m\u001b[0m\u001b[1m: yield syntax is experimental\u001b[0m\n\u001b[0m  \u001b[0m\u001b[0m\u001b[1m\u001b[38;5;12m--> \u001b[0m\u001b[0mrust_async/examples/future_generator.rs:29:40\u001b[0m\n\u001b[0m   \u001b[0m\u001b[0m\u001b[1m\u001b[38;5;12m|\u001b[0m\n\u001b[0m\u001b[1m\u001b[38;5;12m29\u001b[0m\u001b[0m \u001b[0m\u001b[0m\u001b[1m\u001b[38;5;12m| \u001b[0m\u001b[0m                Ok(Async::NotReady) => yield,\u001b[0m\n\u001b[0m   \u001b[0m\u001b[0m\u001b[1m\u001b[38;5;12m| \u001b[0m\u001b[0m                                       \u001b[0m\u001b[0m\u001b[1m\u001b[38;5;9m^^^^^\u001b[0m\n\u001b[0m   \u001b[0m\u001b[0m\u001b[1m\u001b[38;5;12m|\u001b[0m\n\u001b[0m   \u001b[0m\u001b[0m\u001b[1m\u001b[38;5;12m= \u001b[0m\u001b[0m\u001b[1mnote\u001b[0m\u001b[0m: see issue #43122 <https://github.com/rust-lang/rust/issues/43122> for more information\u001b[0m\n\u001b[0m   \u001b[0m\u001b[0m\u001b[1m\u001b[38;5;12m= \u001b[0m\u001b[0m\u001b[1mhelp\u001b[0m\u001b[0m: add `#![feature(generators)]` to the crate attributes to enable\u001b[0m\n\n"}
{"message":"unused import: `ops::Generator`","code":{"code":"unused_imports","explanation":null},"level":"warning","spans":[{"file_name":"rust_async/examples/future_generator.rs","byte_start":47,"byte_end":61,"line_start":1,"line_end":1,"column_start":48,"column_end":62,"is_primary":true,"text":[{"text":"use std::{io::{self, BufRead}, net::TcpStream, ops::Generator};","highlight_start":48,"highlight_end":62}],"label":null,"suggested_replacement":null,"suggestion_applicability":null,"expansion":null}],"children":[{"message":"`#[warn(unused_imports)]` on by default","code":null,"level":"note","spans":[],"children":[],"rendered":null},{"message":"remove the unused import","code":null,"level":"help","spans":[{"file_name":"rust_async/examples/future_generator.rs","byte_start":45,"byte_end":61,"line_start":1,"line_end":1,"column_start":46,"column_end":62,"is_primary":true,"text":[{"text":"use std::{io::{self, BufRead}, net::TcpStream, ops::Generator};","highlight_start":46,"highlight_end":62}],"label":null,"suggested_replacement":"","suggestion_applicability":"MachineApplicable","expansion":null}],"children":[],"rendered":null}],"rendered":"\u001b[0m\u001b[1m\u001b[33mwarning\u001b[0m\u001b[0m\u001b[1m: unused import: `ops::Generator`\u001b[0m\n\u001b[0m \u001b[0m\u001b[0m\u001b[1m\u001b[38;5;12m--> \u001b[0m\u001b[0mrust_async/examples/future_generator.rs:1:48\u001b[0m\n\u001b[0m  \u001b[0m\u001b[0m\u001b[1m\u001b[38;5;12m|\u001b[0m\n\u001b[0m\u001b[1m\u001b[38;5;12m1\u001b[0m\u001b[0m \u001b[0m\u001b[0m\u001b[1m\u001b[38;5;12m| \u001b[0m\u001b[0muse std::{io::{self, BufRead}, net::TcpStream, ops::Generator};\u001b[0m\n\u001b[0m  \u001b[0m\u001b[0m\u001b[1m\u001b[38;5;12m| \u001b[0m\u001b[0m                                               \u001b[0m\u001b[0m\u001b[1m\u001b[33m^^^^^^^^^^^^^^\u001b[0m\n\u001b[0m  \u001b[0m\u001b[0m\u001b[1m\u001b[38;5;12m|\u001b[0m\n\u001b[0m  \u001b[0m\u001b[0m\u001b[1m\u001b[38;5;12m= \u001b[0m\u001b[0m\u001b[1mnote\u001b[0m\u001b[0m: `#[warn(unused_imports)]` on by default\u001b[0m\n\n"}
{"message":"use of unstable library feature 'generator_trait'","code":{"code":"E0658","explanation":"An unstable feature was used.\n\nErroneous code example:\n\n```compile_fail,E0658\n#[repr(u128)] // error: use of unstable library feature 'repr128'\nenum Foo {\n    Bar(u64),\n}\n```\n\nIf you're using a stable or a beta version of rustc, you won't be able to use\nany unstable features. In order to do so, please switch to a nightly version of\nrustc (by using [rustup]).\n\nIf you're using a nightly version of rustc, just add the corresponding feature\nto be able to use it:\n\n```\n#![feature(repr128)]\n\n#[repr(u128)] // ok!\nenum Foo {\n    Bar(u64),\n}\n```\n\n[rustup]: https://rust-lang.github.io/rustup/concepts/channels.html\n"},"level":"error","spans":[{"file_name":"rust_async/examples/future_generator.rs","byte_start":47,"byte_end":61,"line_start":1,"line_end":1,"column_start":48,"column_end":62,"is_primary":true,"text":[{"text":"use std::{io::{self, BufRead}, net::TcpStream, ops::Generator};","highlight_start":48,"highlight_end":62}],"label":null,"suggested_replacement":null,"suggestion_applicability":null,"expansion":null}],"children":[{"message":"see issue #43122 <https://github.com/rust-lang/rust/issues/43122> for more information","code":null,"level":"note","spans":[],"children":[],"rendered":null},{"message":"add `#![feature(generator_trait)]` to the crate attributes to enable","code":null,"level":"help","spans":[],"children":[],"rendered":null}],"rendered":"\u001b[0m\u001b[1m\u001b[38;5;9merror[E0658]\u001b[0m\u001b[0m\u001b[1m: use of unstable library feature 'generator_trait'\u001b[0m\n\u001b[0m \u001b[0m\u001b[0m\u001b[1m\u001b[38;5;12m--> \u001b[0m\u001b[0mrust_async/examples/future_generator.rs:1:48\u001b[0m\n\u001b[0m  \u001b[0m\u001b[0m\u001b[1m\u001b[38;5;12m|\u001b[0m\n\u001b[0m\u001b[1m\u001b[38;5;12m1\u001b[0m\u001b[0m \u001b[0m\u001b[0m\u001b[1m\u001b[38;5;12m| \u001b[0m\u001b[0muse std::{io::{self, BufRead}, net::TcpStream, ops::Generator};\u001b[0m\n\u001b[0m  \u001b[0m\u001b[0m\u001b[1m\u001b[38;5;12m| \u001b[0m\u001b[0m                                               \u001b[0m\u001b[0m\u001b[1m\u001b[38;5;9m^^^^^^^^^^^^^^\u001b[0m\n\u001b[0m  \u001b[0m\u001b[0m\u001b[1m\u001b[38;5;12m|\u001b[0m\n\u001b[0m  \u001b[0m\u001b[0m\u001b[1m\u001b[38;5;12m= \u001b[0m\u001b[0m\u001b[1mnote\u001b[0m\u001b[0m: see issue #43122 <https://github.com/rust-lang/rust/issues/43122> for more information\u001b[0m\n\u001b[0m  \u001b[0m\u001b[0m\u001b[1m\u001b[38;5;12m= \u001b[0m\u001b[0m\u001b[1mhelp\u001b[0m\u001b[0m: add `#![feature(generator_trait)]` to the crate attributes to enable\u001b[0m\n\n"}
{"message":"no function or associated item named `new` found for trait object `dyn BufRead` in the current scope","code":{"code":"E0599","explanation":"This error occurs when a method is used on a type which doesn't implement it:\n\nErroneous code example:\n\n```compile_fail,E0599\nstruct Mouth;\n\nlet x = Mouth;\nx.chocolate(); // error: no method named `chocolate` found for type `Mouth`\n               //        in the current scope\n```\n\nIn this case, you need to implement the `chocolate` method to fix the error:\n\n```\nstruct Mouth;\n\nimpl Mouth {\n    fn chocolate(&self) { // We implement the `chocolate` method here.\n        println!(\"Hmmm! I love chocolate!\");\n    }\n}\n\nlet x = Mouth;\nx.chocolate(); // ok!\n```\n"},"level":"error","spans":[{"file_name":"rust_async/examples/future_generator.rs","byte_start":258,"byte_end":261,"line_start":11,"line_end":11,"column_start":23,"column_end":26,"is_primary":true,"text":[{"text":"    let io = BufRead::new(tcp);","highlight_start":23,"highlight_end":26}],"label":"function or associated item not found in `dyn BufRead`","suggested_replacement":null,"suggestion_applicability":null,"expansion":null}],"children":[],"rendered":"\u001b[0m\u001b[1m\u001b[38;5;9merror[E0599]\u001b[0m\u001b[0m\u001b[1m: no function or associated item named `new` found for trait object `dyn BufRead` in the current scope\u001b[0m\n\u001b[0m  \u001b[0m\u001b[0m\u001b[1m\u001b[38;5;12m--> \u001b[0m\u001b[0mrust_async/examples/future_generator.rs:11:23\u001b[0m\n\u001b[0m   \u001b[0m\u001b[0m\u001b[1m\u001b[38;5;12m|\u001b[0m\n\u001b[0m\u001b[1m\u001b[38;5;12m11\u001b[0m\u001b[0m \u001b[0m\u001b[0m\u001b[1m\u001b[38;5;12m| \u001b[0m\u001b[0m    let io = BufRead::new(tcp);\u001b[0m\n\u001b[0m   \u001b[0m\u001b[0m\u001b[1m\u001b[38;5;12m| \u001b[0m\u001b[0m                      \u001b[0m\u001b[0m\u001b[1m\u001b[38;5;9m^^^\u001b[0m\u001b[0m \u001b[0m\u001b[0m\u001b[1m\u001b[38;5;9mfunction or associated item not found in `dyn BufRead`\u001b[0m\n\n"}
{"message":"associated type `Item` not found for `futures::Future`","code":{"code":"E0220","explanation":"The associated type used was not defined in the trait.\n\nErroneous code example:\n\n```compile_fail,E0220\ntrait T1 {\n    type Bar;\n}\n\ntype Foo = T1<F=i32>; // error: associated type `F` not found for `T1`\n\n// or:\n\ntrait T2 {\n    type Bar;\n\n    // error: Baz is used but not declared\n    fn return_bool(&self, _: &Self::Bar, _: &Self::Baz) -> bool;\n}\n```\n\nMake sure that you have defined the associated type in the trait body.\nAlso, verify that you used the right trait or you didn't misspell the\nassociated type name. Example:\n\n```\ntrait T1 {\n    type Bar;\n}\n\ntype Foo = T1<Bar=i32>; // ok!\n\n// or:\n\ntrait T2 {\n    type Bar;\n    type Baz; // we declare `Baz` in our trait.\n\n    // and now we can use it here:\n    fn return_bool(&self, _: &Self::Bar, _: &Self::Baz) -> bool;\n}\n```\n"},"level":"error","spans":[{"file_name":"rust_async/examples/future_generator.rs","byte_start":391,"byte_end":395,"line_start":20,"line_end":20,"column_start":43,"column_end":47,"is_primary":true,"text":[{"text":"fn print_lines_generated() -> impl Future<Item = (), Error = io::Error> {","highlight_start":43,"highlight_end":47}],"label":"associated type `Item` not found","suggested_replacement":null,"suggestion_applicability":null,"expansion":null}],"children":[],"rendered":"\u001b[0m\u001b[1m\u001b[38;5;9merror[E0220]\u001b[0m\u001b[0m\u001b[1m: associated type `Item` not found for `futures::Future`\u001b[0m\n\u001b[0m  \u001b[0m\u001b[0m\u001b[1m\u001b[38;5;12m--> \u001b[0m\u001b[0mrust_async/examples/future_generator.rs:20:43\u001b[0m\n\u001b[0m   \u001b[0m\u001b[0m\u001b[1m\u001b[38;5;12m|\u001b[0m\n\u001b[0m\u001b[1m\u001b[38;5;12m20\u001b[0m\u001b[0m \u001b[0m\u001b[0m\u001b[1m\u001b[38;5;12m| \u001b[0m\u001b[0mfn print_lines_generated() -> impl Future<Item = (), Error = io::Error> {\u001b[0m\n\u001b[0m   \u001b[0m\u001b[0m\u001b[1m\u001b[38;5;12m| \u001b[0m\u001b[0m                                          \u001b[0m\u001b[0m\u001b[1m\u001b[38;5;9m^^^^\u001b[0m\u001b[0m \u001b[0m\u001b[0m\u001b[1m\u001b[38;5;9massociated type `Item` not found\u001b[0m\n\n"}
{"message":"associated type `Error` not found for `futures::Future`","code":{"code":"E0220","explanation":"The associated type used was not defined in the trait.\n\nErroneous code example:\n\n```compile_fail,E0220\ntrait T1 {\n    type Bar;\n}\n\ntype Foo = T1<F=i32>; // error: associated type `F` not found for `T1`\n\n// or:\n\ntrait T2 {\n    type Bar;\n\n    // error: Baz is used but not declared\n    fn return_bool(&self, _: &Self::Bar, _: &Self::Baz) -> bool;\n}\n```\n\nMake sure that you have defined the associated type in the trait body.\nAlso, verify that you used the right trait or you didn't misspell the\nassociated type name. Example:\n\n```\ntrait T1 {\n    type Bar;\n}\n\ntype Foo = T1<Bar=i32>; // ok!\n\n// or:\n\ntrait T2 {\n    type Bar;\n    type Baz; // we declare `Baz` in our trait.\n\n    // and now we can use it here:\n    fn return_bool(&self, _: &Self::Bar, _: &Self::Baz) -> bool;\n}\n```\n"},"level":"error","spans":[{"file_name":"rust_async/examples/future_generator.rs","byte_start":402,"byte_end":407,"line_start":20,"line_end":20,"column_start":54,"column_end":59,"is_primary":true,"text":[{"text":"fn print_lines_generated() -> impl Future<Item = (), Error = io::Error> {","highlight_start":54,"highlight_end":59}],"label":"associated type `Error` not found","suggested_replacement":null,"suggestion_applicability":null,"expansion":null}],"children":[],"rendered":"\u001b[0m\u001b[1m\u001b[38;5;9merror[E0220]\u001b[0m\u001b[0m\u001b[1m: associated type `Error` not found for `futures::Future`\u001b[0m\n\u001b[0m  \u001b[0m\u001b[0m\u001b[1m\u001b[38;5;12m--> \u001b[0m\u001b[0mrust_async/examples/future_generator.rs:20:54\u001b[0m\n\u001b[0m   \u001b[0m\u001b[0m\u001b[1m\u001b[38;5;12m|\u001b[0m\n\u001b[0m\u001b[1m\u001b[38;5;12m20\u001b[0m\u001b[0m \u001b[0m\u001b[0m\u001b[1m\u001b[38;5;12m| \u001b[0m\u001b[0mfn print_lines_generated() -> impl Future<Item = (), Error = io::Error> {\u001b[0m\n\u001b[0m   \u001b[0m\u001b[0m\u001b[1m\u001b[38;5;12m| \u001b[0m\u001b[0m                                                     \u001b[0m\u001b[0m\u001b[1m\u001b[38;5;9m^^^^^\u001b[0m\u001b[0m \u001b[0m\u001b[0m\u001b[1m\u001b[38;5;9massociated type `Error` not found\u001b[0m\n\n"}
{"message":"no method named `poll` found for enum `Result` in the current scope","code":{"code":"E0599","explanation":"This error occurs when a method is used on a type which doesn't implement it:\n\nErroneous code example:\n\n```compile_fail,E0599\nstruct Mouth;\n\nlet x = Mouth;\nx.chocolate(); // error: no method named `chocolate` found for type `Mouth`\n               //        in the current scope\n```\n\nIn this case, you need to implement the `chocolate` method to fix the error:\n\n```\nstruct Mouth;\n\nimpl Mouth {\n    fn chocolate(&self) { // We implement the `chocolate` method here.\n        println!(\"Hmmm! I love chocolate!\");\n    }\n}\n\nlet x = Mouth;\nx.chocolate(); // ok!\n```\n"},"level":"error","spans":[{"file_name":"rust_async/examples/future_generator.rs","byte_start":610,"byte_end":614,"line_start":27,"line_end":27,"column_start":26,"column_end":30,"is_primary":true,"text":[{"text":"            match future.poll() {","highlight_start":26,"highlight_end":30}],"label":"method not found in `Result<TcpStream, std::io::Error>`","suggested_replacement":null,"suggestion_applicability":null,"expansion":null}],"children":[],"rendered":"\u001b[0m\u001b[1m\u001b[38;5;9merror[E0599]\u001b[0m\u001b[0m\u001b[1m: no method named `poll` found for enum `Result` in the current scope\u001b[0m\n\u001b[0m  \u001b[0m\u001b[0m\u001b[1m\u001b[38;5;12m--> \u001b[0m\u001b[0mrust_async/examples/future_generator.rs:27:26\u001b[0m\n\u001b[0m   \u001b[0m\u001b[0m\u001b[1m\u001b[38;5;12m|\u001b[0m\n\u001b[0m\u001b[1m\u001b[38;5;12m27\u001b[0m\u001b[0m \u001b[0m\u001b[0m\u001b[1m\u001b[38;5;12m| \u001b[0m\u001b[0m            match future.poll() {\u001b[0m\n\u001b[0m   \u001b[0m\u001b[0m\u001b[1m\u001b[38;5;12m| \u001b[0m\u001b[0m                         \u001b[0m\u001b[0m\u001b[1m\u001b[38;5;9m^^^^\u001b[0m\u001b[0m \u001b[0m\u001b[0m\u001b[1m\u001b[38;5;9mmethod not found in `Result<TcpStream, std::io::Error>`\u001b[0m\n\n"}
{"message":"no function or associated item named `new` found for trait object `dyn BufRead` in the current scope","code":{"code":"E0599","explanation":"This error occurs when a method is used on a type which doesn't implement it:\n\nErroneous code example:\n\n```compile_fail,E0599\nstruct Mouth;\n\nlet x = Mouth;\nx.chocolate(); // error: no method named `chocolate` found for type `Mouth`\n               //        in the current scope\n```\n\nIn this case, you need to implement the `chocolate` method to fix the error:\n\n```\nstruct Mouth;\n\nimpl Mouth {\n    fn chocolate(&self) { // We implement the `chocolate` method here.\n        println!(\"Hmmm! I love chocolate!\");\n    }\n}\n\nlet x = Mouth;\nx.chocolate(); // ok!\n```\n"},"level":"error","spans":[{"file_name":"rust_async/examples/future_generator.rs","byte_start":811,"byte_end":814,"line_start":35,"line_end":35,"column_start":23,"column_end":26,"is_primary":true,"text":[{"text":"    let io = BufRead::new(tcp);","highlight_start":23,"highlight_end":26}],"label":"function or associated item not found in `dyn BufRead`","suggested_replacement":null,"suggestion_applicability":null,"expansion":null}],"children":[],"rendered":"\u001b[0m\u001b[1m\u001b[38;5;9merror[E0599]\u001b[0m\u001b[0m\u001b[1m: no function or associated item named `new` found for trait object `dyn BufRead` in the current scope\u001b[0m\n\u001b[0m  \u001b[0m\u001b[0m\u001b[1m\u001b[38;5;12m--> \u001b[0m\u001b[0mrust_async/examples/future_generator.rs:35:23\u001b[0m\n\u001b[0m   \u001b[0m\u001b[0m\u001b[1m\u001b[38;5;12m|\u001b[0m\n\u001b[0m\u001b[1m\u001b[38;5;12m35\u001b[0m\u001b[0m \u001b[0m\u001b[0m\u001b[1m\u001b[38;5;12m| \u001b[0m\u001b[0m    let io = BufRead::new(tcp);\u001b[0m\n\u001b[0m   \u001b[0m\u001b[0m\u001b[1m\u001b[38;5;12m| \u001b[0m\u001b[0m                      \u001b[0m\u001b[0m\u001b[1m\u001b[38;5;9m^^^\u001b[0m\u001b[0m \u001b[0m\u001b[0m\u001b[1m\u001b[38;5;9mfunction or associated item not found in `dyn BufRead`\u001b[0m\n\n"}
{"message":"aborting due to 10 previous errors; 1 warning emitted","code":null,"level":"error","spans":[],"children":[],"rendered":"\u001b[0m\u001b[1m\u001b[38;5;9merror\u001b[0m\u001b[0m\u001b[1m: aborting due to 10 previous errors; 1 warning emitted\u001b[0m\n\n"}
{"message":"Some errors have detailed explanations: E0220, E0425, E0433, E0599, E0658.","code":null,"level":"failure-note","spans":[],"children":[],"rendered":"\u001b[0m\u001b[1mSome errors have detailed explanations: E0220, E0425, E0433, E0599, E0658.\u001b[0m\n"}
{"message":"For more information about an error, try `rustc --explain E0220`.","code":null,"level":"failure-note","spans":[],"children":[],"rendered":"\u001b[0m\u001b[1mFor more information about an error, try `rustc --explain E0220`.\u001b[0m\n"}
